<?xml version="1.0" encoding="utf-8"?>
<testsuites>
	<testsuite name="add" time="0.001728" disabled="0" errors="0" tests="4" failures="1" skipped="2" timestamp="2026-09-05T23:26:07.424Z" hostname="runner">
		<testcase name="adds two numbers" time="0.000268" classname="test" file="/work/repo/test/math.test.js"/>
		<testcase name="fails on purpose" time="0.000839" classname="test" file="/work/repo/test/math.test.js" failure="Expected values to be strictly equal:&#10;&#10;2 !== 3&#10;">
			<failure type="testCodeFailure" message="Expected values to be strictly equal:&#10;&#10;2 !== 3">
Error [ERR_TEST_FAILURE]: Expected values to be strictly equal:

2 !== 3
			</failure>
		</testcase>
		<testcase name="skipped one" time="0.000044" classname="test" file="/work/repo/test/math.test.js">
			<skipped type="skipped" message="not now"/>
		</testcase>
		<testcase name="todo one" time="0.000035" classname="test" file="/work/repo/test/math.test.js">
			<skipped type="todo" message="true"/>
		</testcase>
	</testsuite>
	<testcase name="top level passes" time="0.000053" classname="test" file="/work/repo/test/math.test.js"/>
	<testsuite name="outer" time="0.000400" disabled="0" errors="0" tests="2" failures="0" skipped="0" timestamp="2026-09-05T23:26:07.430Z" hostname="runner">
		<testsuite name="inner" time="0.000100" disabled="0" errors="0" tests="1" failures="0" skipped="0" timestamp="2026-09-05T23:26:07.430Z" hostname="runner">
			<testcase name="deep passes" time="0.000050" classname="test" file="/work/repo/test/nested.test.js"/>
		</testsuite>
		<testcase name="adds two numbers" time="0.000030" classname="test" file="/work/repo/test/nested.test.js"/>
	</testsuite>
	<testcase name="other file passes" time="0.000311" classname="test" file="/work/repo/packages/api/test/other.test.js"/>
	<!-- tests 8 -->
	<!-- suites 3 -->
	<!-- pass 5 -->
	<!-- fail 1 -->
	<!-- cancelled 0 -->
	<!-- skipped 1 -->
	<!-- todo 1 -->
	<!-- duration_ms 43.263333 -->
</testsuites>
